build/app/outputs/mapping/release/mapping.txt
# compiler: R8
# compiler_version: 1.5.69
# min_api: 21
# pg_map_id: fe14567
...
io.grpc.okhttp.OkHttpClientTransport$5 -> c.b.l1.h$e:
    io.grpc.okhttp.OkHttpClientTransport this$0 -> b
io.grpc.okhttp.OkHttpClientTransport$ClientFrameHandler -> c.b.l1.h$f:
    io.grpc.okhttp.internal.framed.FrameReader frameReader -> c
    io.grpc.okhttp.OkHttpClientTransport this$0 -> e
    io.grpc.okhttp.OkHttpFrameLogger logger -> b
    boolean firstSettings -> d
    void ackSettings() -> a
    void data(boolean,int,okio.BufferedSource,int) -> a
    void goAway(int,io.grpc.okhttp.internal.framed.ErrorCode,okio.ByteString) -> a
    int headerBlockSize(java.util.List) -> a
    void headers(boolean,boolean,int,int,java.util.List,io.grpc.okhttp.internal.framed.HeadersMode) -> a
    void ping(boolean,int,int) -> a
    void priority(int,int,int,boolean) -> a
    void pushPromise(int,int,java.util.List) -> a
    void rstStream(int,io.grpc.okhttp.internal.framed.ErrorCode) -> a
    void settings(boolean,io.grpc.okhttp.internal.framed.Settings) -> a
    void windowUpdate(int,long) -> a
io.grpc.okhttp.OkHttpFrameLogger -> c.b.l1.i:
    java.util.logging.Level level -> b
    java.util.logging.Logger logger -> a
    boolean isEnabled() -> a
    void logData(io.grpc.okhttp.OkHttpFrameLogger$Direction,int,okio.Buffer,int,boolean) -> a
    void logGoAway(io.grpc.okhttp.OkHttpFrameLogger$Direction,int,io.grpc.okhttp.internal.framed.ErrorCode,okio.ByteString) -> a
    void logHeaders(io.grpc.okhttp.OkHttpFrameLogger$Direction,int,java.util.List,boolean) -> a
    void logPing(io.grpc.okhttp.OkHttpFrameLogger$Direction,long) -> a
    void logPushPromise(io.grpc.okhttp.OkHttpFrameLogger$Direction,int,int,java.util.List) -> a
    void logRstStream(io.grpc.okhttp.OkHttpFrameLogger$Direction,int,io.grpc.okhttp.internal.framed.ErrorCode) -> a
    void logSettings(io.grpc.okhttp.OkHttpFrameLogger$Direction,io.grpc.okhttp.internal.framed.Settings) -> a
    void logSettingsAck(io.grpc.okhttp.OkHttpFrameLogger$Direction) -> a
    void logWindowsUpdate(io.grpc.okhttp.OkHttpFrameLogger$Direction,int,long) -> a
    java.lang.String toString(io.grpc.okhttp.internal.framed.Settings) -> a
    java.lang.String toString(okio.Buffer) -> a
    void logPingAck(io.grpc.okhttp.OkHttpFrameLogger$Direction,long) -> b
io.grpc.okhttp.OkHttpFrameLogger$Direction -> c.b.l1.i$a:
    io.grpc.okhttp.OkHttpFrameLogger$Direction[] $VALUES -> d
    io.grpc.okhttp.OkHttpFrameLogger$Direction OUTBOUND -> c
    io.grpc.okhttp.OkHttpFrameLogger$Direction INBOUND -> b
io.grpc.okhttp.OkHttpFrameLogger$SettingParams -> c.b.l1.i$b:
    io.grpc.okhttp.OkHttpFrameLogger$SettingParams MAX_FRAME_SIZE -> f
    io.grpc.okhttp.OkHttpFrameLogger$SettingParams MAX_HEADER_LIST_SIZE -> g
    io.grpc.okhttp.OkHttpFrameLogger$SettingParams INITIAL_WINDOW_SIZE -> h
    io.grpc.okhttp.OkHttpFrameLogger$SettingParams HEADER_TABLE_SIZE -> c
    io.grpc.okhttp.OkHttpFrameLogger$SettingParams ENABLE_PUSH -> d
    io.grpc.okhttp.OkHttpFrameLogger$SettingParams MAX_CONCURRENT_STREAMS -> e
    io.grpc.okhttp.OkHttpFrameLogger$SettingParams[] $VALUES -> i
    int bit -> b
    int getBit() -> a
io.grpc.okhttp.OkHttpProtocolNegotiator -> c.b.l1.j:
    io.grpc.okhttp.internal.Platform platform -> a
    io.grpc.okhttp.internal.Platform DEFAULT_PLATFORM -> c
    io.grpc.okhttp.OkHttpProtocolNegotiator NEGOTIATOR -> d
    java.util.logging.Logger logger -> b
    java.util.logging.Logger access$000() -> a
    void configureTlsExtensions(javax.net.ssl.SSLSocket,java.lang.String,java.util.List) -> a
    io.grpc.okhttp.OkHttpProtocolNegotiator createNegotiator(java.lang.ClassLoader) -> a
    java.lang.String getSelectedProtocol(javax.net.ssl.SSLSocket) -> a
    io.grpc.okhttp.OkHttpProtocolNegotiator get() -> b
    java.lang.String negotiate(javax.net.ssl.SSLSocket,java.lang.String,java.util.List) -> b